<testng-results>
  <reporter-output>
  </reporter-output>
  <suite name="Command line suite">
    <groups>
      <group name="testSetFeaturedProducts">
        <method signature="flipkart2.test.common.test.CategoryDaoTest.testSetFeaturedProducts(org.broadleafcommerce.core.catalog.domain.Category)" name="testSetFeaturedProducts" class="flipkart2.test.common.test.CategoryDaoTest"/>
      </group>
    </groups>
    <test name="Command line test">
      <class name="flipkart2.test.common.test.CategoryDaoTest">
        <test-method status="PASS" signature="springTestContextPrepareTestInstance()" name="springTestContextPrepareTestInstance" is-config="true" duration-ms="15185" started-at="2022-01-18T06:58:08Z" depends-on-methods="org.springframework.test.context.testng.AbstractTestNGSpringContextTests.springTestContextBeforeTestClass" finished-at="2022-01-18T06:58:23Z">
        </test-method>
        <test-method status="PASS" signature="springTestContextAfterTestClass()" name="springTestContextAfterTestClass" is-config="true" duration-ms="0" started-at="2022-01-18T06:58:23Z" finished-at="2022-01-18T06:58:23Z">
        </test-method>
        <test-method status="PASS" signature="springTestContextAfterTestMethod(java.lang.reflect.Method)" name="springTestContextAfterTestMethod" is-config="true" duration-ms="0" started-at="2022-01-18T06:58:23Z" finished-at="2022-01-18T06:58:23Z">
          <params>
            <param index="0">
              <value>
                <![CDATA[public void flipkart2.test.common.test.CategoryDaoTest.testSetFeaturedProducts(org.broadleafcommerce.core.catalog.domain.Category)]]>
              </value>
            </param>
          </params>
        </test-method>
        <test-method status="PASS" signature="springTestContextBeforeTestClass()" name="springTestContextBeforeTestClass" is-config="true" duration-ms="0" started-at="2022-01-18T06:58:08Z" finished-at="2022-01-18T06:58:08Z">
        </test-method>
        <test-method status="PASS" signature="testSetFeaturedProducts(org.broadleafcommerce.core.catalog.domain.Category)" name="testSetFeaturedProducts" duration-ms="93" started-at="2022-01-18T06:58:23Z" finished-at="2022-01-18T06:58:23Z">
          <params>
            <param index="0">
              <value>
                <![CDATA[org.broadleafcommerce.core.catalog.domain.CategoryImpl@9e7e16ce]]>
              </value>
            </param>
          </params>
        </test-method>
        <test-method status="PASS" signature="springTestContextBeforeTestMethod(java.lang.reflect.Method)" name="springTestContextBeforeTestMethod" is-config="true" duration-ms="80" started-at="2022-01-18T06:58:23Z" finished-at="2022-01-18T06:58:23Z">
          <params>
            <param index="0">
              <value>
                <![CDATA[public void flipkart2.test.common.test.CategoryDaoTest.testSetFeaturedProducts(org.broadleafcommerce.core.catalog.domain.Category)]]>
              </value>
            </param>
          </params>
        </test-method>
      </class>
    </test>
  </suite>
</testng-results>
